<?xml version="1.0" encoding="UTF-8"?>
<testsuite xmlns:xsi="http://www.w3.org/2001/XMLSchema-instance" xsi:noNamespaceSchemaLocation="https://maven.apache.org/surefire/maven-surefire-plugin/xsd/surefire-test-report.xsd" name="TestSuite" time="66.043" tests="4" errors="0" skipped="0" failures="3">
  <properties>
[...]
</properties>
  <testcase name="myTest" classname="test.Test" time="12.56"/>
  <testcase name="myTest" classname="test.Test" time="7.609">
    <failure message="stale element reference: element is not attached to the page document&#10;  (Session info: chrome=102.0.5005.63)&#10;For documentation on this error, please visit: https://selenium.dev/exceptions/#stale_element_reference&#10;Build info: version: &apos;4.1.4&apos;, revision: &apos;535d840ee2&apos;&#10;System info: host: &apos;DESKTOP-1JNUMFV&apos;, ip: &apos;192.168.0.107&apos;, os.name: &apos;Windows 10&apos;, os.arch: &apos;amd64&apos;, os.version: &apos;10.0&apos;, java.version: &apos;1.8.0_202&apos;&#10;Driver info: org.openqa.selenium.chrome.ChromeDriver&#10;Command: [4ff5ddde47c0d91e22314122b1927f6c, isElementSelected {id=5065fd59-a8e6-48d1-becc-494b19807f1e}]&#10;Capabilities {acceptInsecureCerts: false, browserName: chrome, browserVersion: 102.0.5005.63, chrome: {chromedriverVersion: 102.0.5005.61 (0e59bcc00cc4..., userDataDir: C:\Users\Natalia\AppData\Lo...}, goog:chromeOptions: {debuggerAddress: localhost:57491}, javascriptEnabled: true, networkConnectionEnabled: false, pageLoadStrategy: normal, platform: WINDOWS, platformName: WINDOWS, proxy: Proxy(), se:cdp: ws://localhost:57491/devtoo..., se:cdpVersion: 102.0.5005.63, setWindowRect: true, strictFileInteractability: false, timeouts: {implicit: 0, pageLoad: 300000, script: 30000}, unhandledPromptBehavior: dismiss and notify, webauthn:extension:credBlob: true, webauthn:extension:largeBlob: true, webauthn:virtualAuthenticators: true}&#10;Element: [[ChromeDriver: chrome on WINDOWS (4ff5ddde47c0d91e22314122b1927f6c)] -&gt; xpath: //a[@data-id=&apos;Samsung&apos;]]&#10;Session ID: 4ff5ddde47c0d91e22314122b1927f6c" type="org.openqa.selenium.StaleElementReferenceException">org.openqa.selenium.StaleElementReferenceException: 
stale element reference: element is not attached to the page document
  (Session info: chrome=102.0.5005.63)
For documentation on this error, please visit: https://selenium.dev/exceptions/#stale_element_reference
Build info: version: '4.1.4', revision: '535d840ee2'
System info: host: 'DESKTOP-1JNUMFV', ip: '192.168.0.107', os.name: 'Windows 10', os.arch: 'amd64', os.version: '10.0', java.version: '1.8.0_202'
Driver info: org.openqa.selenium.chrome.ChromeDriver
Command: [4ff5ddde47c0d91e22314122b1927f6c, isElementSelected {id=5065fd59-a8e6-48d1-becc-494b19807f1e}]
Capabilities {acceptInsecureCerts: false, browserName: chrome, browserVersion: 102.0.5005.63, chrome: {chromedriverVersion: 102.0.5005.61 (0e59bcc00cc4..., userDataDir: C:\Users\Natalia\AppData\Lo...}, goog:chromeOptions: {debuggerAddress: localhost:57491}, javascriptEnabled: true, networkConnectionEnabled: false, pageLoadStrategy: normal, platform: WINDOWS, platformName: WINDOWS, proxy: Proxy(), se:cdp: ws://localhost:57491/devtoo..., se:cdpVersion: 102.0.5005.63, setWindowRect: true, strictFileInteractability: false, timeouts: {implicit: 0, pageLoad: 300000, script: 30000}, unhandledPromptBehavior: dismiss and notify, webauthn:extension:credBlob: true, webauthn:extension:largeBlob: true, webauthn:virtualAuthenticators: true}
Element: [[ChromeDriver: chrome on WINDOWS (4ff5ddde47c0d91e22314122b1927f6c)] -> xpath: //a[@data-id='Samsung']]
Session ID: 4ff5ddde47c0d91e22314122b1927f6c
	at test.Test.myTest(Test.java:61)
</failure>
    <system-err><![CDATA[черв. 13, 2022 11:29:33 AM test.CustomerTestLisener onTestSuccess
INFO: Result was success
Starting ChromeDriver 102.0.5005.61 (0e59bcc00cc4985ce39ad31c150065f159d95ad3-refs/branch-heads/5005@{#819}) on port 55218
Only local connections are allowed.
Please see https://chromedriver.chromium.org/security-considerations for suggestions on keeping ChromeDriver safe.
ChromeDriver was started successfully.
черв. 13, 2022 11:29:35 AM org.openqa.selenium.remote.ProtocolHandshake createSession
INFO: Detected dialect: W3C
черв. 13, 2022 11:29:35 AM org.openqa.selenium.devtools.CdpVersionFinder findNearestMatch
WARNING: Unable to find an exact match for CDP version 102, so returning the closest version found: 101
черв. 13, 2022 11:29:35 AM org.openqa.selenium.devtools.CdpVersionFinder findNearestMatch
INFO: Found CDP implementation for version 102 of 101
черв. 13, 2022 11:29:37 AM test.CustomerTestLisener onTestStart
INFO: Test was started myTest
черв. 13, 2022 11:29:37 AM test.CustomerTestLisener onTestStart
INFO: Test was started myTest
черв. 13, 2022 11:29:37 AM util.JsonReader jsonReader
INFO: data read
черв. 13, 2022 11:29:37 AM Decorator.TextInput mySendKeys
INFO: Field cleared
черв. 13, 2022 11:29:38 AM businessObject.EnterTextToSearchField enterText
INFO: text written in search field
черв. 13, 2022 11:29:44 AM test.CustomerTestLisener onTestFailure
INFO: Result was failure
]]></system-err>
  </testcase>
  <testcase name="myFailedTest" classname="test.Test" time="11.736">
    <failure message="expected [true] but found [false]" type="java.lang.AssertionError">java.lang.AssertionError: expected [true] but found [false]
	at test.Test.myFailedTest(Test.java:81)
</failure>
    <system-err><![CDATA[черв. 13, 2022 11:29:44 AM test.CustomerTestLisener onTestFailure
INFO: Result was failure
черв. 13, 2022 11:29:45 AM util.JsonReader jsonReader
INFO: data read
Starting ChromeDriver 102.0.5005.61 (0e59bcc00cc4985ce39ad31c150065f159d95ad3-refs/branch-heads/5005@{#819}) on port 51794
Only local connections are allowed.
Please see https://chromedriver.chromium.org/security-considerations for suggestions on keeping ChromeDriver safe.
ChromeDriver was started successfully.
черв. 13, 2022 11:29:46 AM org.openqa.selenium.remote.ProtocolHandshake createSession
INFO: Detected dialect: W3C
черв. 13, 2022 11:29:46 AM org.openqa.selenium.devtools.CdpVersionFinder findNearestMatch
WARNING: Unable to find an exact match for CDP version 102, so returning the closest version found: 101
черв. 13, 2022 11:29:46 AM org.openqa.selenium.devtools.CdpVersionFinder findNearestMatch
INFO: Found CDP implementation for version 102 of 101
черв. 13, 2022 11:29:49 AM test.CustomerTestLisener onTestStart
INFO: Test was started myFailedTest
черв. 13, 2022 11:29:49 AM test.CustomerTestLisener onTestStart
INFO: Test was started myFailedTest
черв. 13, 2022 11:29:49 AM util.JsonReader jsonReader
INFO: data read
черв. 13, 2022 11:29:49 AM Decorator.TextInput mySendKeys
INFO: Field cleared
черв. 13, 2022 11:29:50 AM businessObject.EnterTextToSearchField enterText
INFO: text written in search field
черв. 13, 2022 11:29:56 AM Decorator.CheckBox mySetChecked
INFO: Element checked!
черв. 13, 2022 11:29:56 AM businessObject.CheckFilters takeCheckBox
INFO: filter selected
черв. 13, 2022 11:30:00 AM businessObject.CheckFilters clickFirstItem
INFO: first item clicked
черв. 13, 2022 11:30:01 AM test.CustomerTestLisener onTestFailure
INFO: Result was failure
]]></system-err>
  </testcase>
  <testcase name="myFailedTest" classname="test.Test" time="11.878">
    <failure message="expected [true] but found [false]" type="java.lang.AssertionError">java.lang.AssertionError: expected [true] but found [false]
	at test.Test.myFailedTest(Test.java:81)
</failure>
    <system-err><![CDATA[черв. 13, 2022 11:30:01 AM test.CustomerTestLisener onTestFailure
INFO: Result was failure
Starting ChromeDriver 102.0.5005.61 (0e59bcc00cc4985ce39ad31c150065f159d95ad3-refs/branch-heads/5005@{#819}) on port 57607
Only local connections are allowed.
Please see https://chromedriver.chromium.org/security-considerations for suggestions on keeping ChromeDriver safe.
ChromeDriver was started successfully.
черв. 13, 2022 11:30:03 AM org.openqa.selenium.remote.ProtocolHandshake createSession
INFO: Detected dialect: W3C
черв. 13, 2022 11:30:03 AM org.openqa.selenium.devtools.CdpVersionFinder findNearestMatch
WARNING: Unable to find an exact match for CDP version 102, so returning the closest version found: 101
черв. 13, 2022 11:30:03 AM org.openqa.selenium.devtools.CdpVersionFinder findNearestMatch
INFO: Found CDP implementation for version 102 of 101
черв. 13, 2022 11:30:06 AM test.CustomerTestLisener onTestStart
INFO: Test was started myFailedTest
черв. 13, 2022 11:30:06 AM test.CustomerTestLisener onTestStart
INFO: Test was started myFailedTest
черв. 13, 2022 11:30:06 AM util.JsonReader jsonReader
INFO: data read
черв. 13, 2022 11:30:06 AM Decorator.TextInput mySendKeys
INFO: Field cleared
черв. 13, 2022 11:30:07 AM businessObject.EnterTextToSearchField enterText
INFO: text written in search field
черв. 13, 2022 11:30:13 AM Decorator.CheckBox mySetChecked
INFO: Element checked!
черв. 13, 2022 11:30:13 AM businessObject.CheckFilters takeCheckBox
INFO: filter selected
черв. 13, 2022 11:30:17 AM businessObject.CheckFilters clickFirstItem
INFO: first item clicked
черв. 13, 2022 11:30:18 AM test.CustomerTestLisener onTestFailure
INFO: Result was failure
]]></system-err>
  </testcase>
</testsuite>